Find preprocessed files
Building GolVe vocab...
Building GolVe embedding...
user_nid: 0, start: 0, end: 256
tensor([1.0000, 1.0000, 1.0000, 1.0000, 0.0275, 0.0637, 1.0000, 1.0000, 0.0710,
        0.1020, 0.0190, 1.0000, 0.0037, 0.0147, 1.0000, 1.0000, 1.0000, 0.0477,
        0.0131, 1.0000, 1.0000, 1.0000, 0.0605, 0.0362, 1.0000, 0.0671, 1.0000,
        1.0000, 1.0000, 0.0117, 0.0036, 1.0000, 0.0289, 1.0000, 1.0000, 0.0132,
        0.0532, 0.0245, 0.0490, 0.0878, 0.0438, 0.0162, 1.0000, 0.0873, 0.9999,
        0.1413, 0.0285, 1.0000, 0.0533, 1.0000, 1.0000, 0.0266, 1.0000, 0.0614,
        1.0000, 0.4004, 1.0000, 0.0996, 1.0000, 1.0000, 1.0000, 1.0000, 0.0291,
        1.0000, 0.0238, 1.0000, 0.0343, 1.0000, 0.0255, 0.7552, 0.0280, 0.0110,
        0.1276, 1.0000, 0.0114, 0.0090, 0.9472, 0.0258, 0.1452, 0.0141, 0.0621,
        0.9999, 0.1145, 0.0152, 1.0000, 0.0411, 0.0661, 0.0304, 1.0000, 0.0319,
        0.0271, 0.0134, 1.0000, 0.0124, 0.0891, 0.0537, 1.0000, 0.0582, 0.1052,
        0.0865, 0.0125, 0.0195, 0.0303, 1.0000, 0.0101, 0.0207, 0.0250, 1.0000,
        1.0000, 0.0315, 0.2566, 0.0314, 1.0000, 1.0000, 1.0000, 1.0000, 0.0103,
        0.0358, 0.0331, 0.0111, 0.0476, 0.0403, 0.0278, 0.1795, 0.0144, 1.0000,
        1.0000, 0.1944, 0.0253, 0.0229, 0.1886, 0.0190, 0.0192, 0.1083, 1.0000,
        0.0438, 1.0000, 0.0338, 0.0792, 0.0265, 1.0000, 0.0797, 1.0000, 1.0000,
        0.6924, 0.1959, 1.0000, 0.0201, 0.0188, 1.0000, 0.0300, 1.0000, 0.0240,
        0.0370, 0.0090, 0.8284, 0.0425, 0.0551, 0.9609, 1.0000, 1.0000, 0.0139,
        0.0482, 1.0000, 1.0000, 0.3654, 0.0935, 1.0000, 1.0000, 0.0562, 0.1478,
        0.0332, 1.0000, 0.0687, 0.0224, 0.0426, 0.0482, 0.0432, 0.2009, 0.0249,
        0.0233, 1.0000, 0.0379, 0.0675, 1.0000, 0.0116, 0.0512, 1.0000, 0.2397,
        1.0000, 1.0000, 1.0000, 0.5049, 1.0000, 0.0555, 0.0489, 0.0534, 0.0510,
        0.0236, 0.0362, 1.0000, 1.0000, 1.0000, 0.0235, 0.0132, 0.0321, 1.0000,
        1.0000, 0.0335, 1.0000, 0.0055, 1.0000, 0.0320, 0.0284, 1.0000, 1.0000,
        0.0518, 0.0630, 0.0407, 1.0000, 0.7010, 0.0868, 0.0275, 1.0000, 0.0504,
        0.0113, 0.0023, 0.9998, 1.0000, 0.0250, 0.0077, 0.9995, 0.0305, 1.0000,
        0.0805, 1.0000, 0.0482, 1.0000, 0.1186, 1.0000, 0.0383, 1.0000, 0.0509,
        0.0186, 0.0095, 1.0000, 0.1442, 1.0000, 0.0098, 0.2991, 0.0099, 0.7760,
        1.0000, 0.0202, 0.0272, 1.0000], device='cuda:0',
       grad_fn=<SqueezeBackward1>)
tensor([0, 0, 0, 1, 0, 0, 0, 0, 0, 0, 0, 0, 0, 0, 0, 0, 0, 0, 0, 0, 0, 0, 0, 0,
        0, 0, 0, 0, 0, 0, 0, 0, 0, 0, 0, 0, 0, 0, 0, 0, 0, 0, 0, 0, 0, 0, 0, 0,
        0, 0, 0, 0, 0, 0, 0, 0, 0, 0, 0, 0, 0, 0, 0, 0, 0, 0, 0, 0, 0, 0, 0, 0,
        0, 0, 0, 0, 0, 0, 0, 0, 0, 0, 0, 0, 0, 0, 0, 0, 0, 0, 0, 0, 0, 0, 0, 0,
        0, 0, 0, 0, 0, 0, 0, 0, 0, 0, 0, 0, 0, 0, 0, 0, 0, 0, 0, 0, 0, 0, 0, 0,
        0, 0, 0, 0, 0, 0, 0, 0, 0, 0, 0, 0, 0, 0, 0, 0, 0, 0, 0, 0, 0, 0, 0, 0,
        0, 0, 0, 0, 0, 0, 0, 0, 0, 0, 0, 0, 0, 0, 0, 0, 0, 0, 0, 0, 0, 0, 0, 0,
        0, 0, 0, 0, 0, 0, 0, 0, 0, 0, 0, 0, 0, 0, 0, 0, 0, 0, 0, 0, 0, 0, 0, 0,
        0, 0, 0, 0, 0, 0, 0, 0, 0, 0, 0, 0, 0, 0, 0, 0, 0, 0, 0, 0, 0, 0, 0, 0,
        0, 0, 0, 0, 0, 0, 0, 0, 0, 0, 0, 0, 0, 0, 0, 0, 0, 0, 0, 0, 0, 0, 0, 0,
        0, 0, 0, 0, 0, 0, 0, 0, 0, 0, 0, 0, 0, 0, 0, 0])
user_nid: 0, start: 256, end: 512
tensor([1.0000e+00, 1.0000e+00, 1.2067e-01, 4.1268e-02, 5.9780e-02, 1.0000e+00,
        8.8929e-03, 2.6801e-02, 2.4880e-03, 2.9562e-02, 1.0000e+00, 2.5673e-02,
        6.6899e-03, 2.0696e-02, 9.9997e-01, 1.2835e-02, 9.2198e-02, 1.7808e-01,
        1.0000e+00, 1.8473e-02, 8.3418e-01, 4.2946e-02, 2.7359e-02, 3.1831e-02,
        5.5110e-02, 5.3196e-02, 3.9241e-03, 2.9887e-02, 1.1742e-01, 1.0000e+00,
        8.3572e-02, 1.0000e+00, 9.9998e-01, 2.5701e-02, 1.0000e+00, 1.0000e+00,
        1.2624e-01, 1.0000e+00, 5.0872e-02, 1.9360e-02, 2.1233e-02, 3.8801e-02,
        1.0000e+00, 1.0000e+00, 2.4919e-02, 5.1487e-02, 4.1154e-02, 1.0000e+00,
        1.0000e+00, 1.0000e+00, 8.1282e-02, 1.3779e-01, 1.0000e+00, 1.7924e-02,
        2.5331e-02, 3.4780e-02, 1.0000e+00, 2.2699e-02, 7.1007e-02, 4.7129e-02,
        4.0002e-02, 9.9999e-01, 4.6317e-02, 1.8302e-02, 1.0000e+00, 2.3523e-02,
        1.0000e+00, 5.0944e-02, 1.0000e+00, 5.9344e-02, 1.0000e+00, 1.0000e+00,
        8.7585e-02, 1.8944e-02, 1.0000e+00, 1.0000e+00, 8.8862e-03, 1.0000e+00,
        1.0000e+00, 1.0000e+00, 1.0000e+00, 1.0000e+00, 1.0000e+00, 1.0000e+00,
        2.6090e-02, 1.0000e+00, 2.6652e-02, 1.9957e-02, 4.8181e-02, 2.7905e-02,
        5.5792e-02, 1.3710e-02, 1.4623e-02, 1.0000e+00, 1.0000e+00, 2.5799e-02,
        9.9997e-01, 5.4585e-02, 1.0486e-02, 1.0000e+00, 6.9569e-01, 1.0000e+00,
        1.4266e-02, 2.4821e-02, 2.1979e-02, 3.4581e-01, 5.8770e-03, 2.3250e-02,
        2.5933e-02, 1.0000e+00, 1.8084e-02, 1.4404e-02, 3.4406e-02, 1.5660e-02,
        2.2995e-01, 1.4882e-01, 1.0000e+00, 1.0000e+00, 1.0000e+00, 1.0000e+00,
        1.0000e+00, 3.8768e-02, 1.2803e-02, 1.0000e+00, 1.0000e+00, 5.5249e-02,
        3.6399e-02, 1.0000e+00, 4.4815e-02, 1.3715e-02, 1.0000e+00, 1.0000e+00,
        3.0252e-02, 1.0000e+00, 9.9999e-01, 1.1983e-01, 4.3184e-02, 1.0000e+00,
        3.4317e-02, 3.5234e-02, 3.6622e-02, 1.0000e+00, 1.0000e+00, 1.0000e+00,
        1.0894e-02, 1.2469e-02, 2.4746e-02, 3.8731e-02, 1.0000e+00, 8.3474e-01,
        3.2115e-02, 9.3847e-02, 3.1958e-02, 1.0000e+00, 9.9999e-01, 2.7083e-02,
        9.9999e-01, 6.6623e-02, 1.0000e+00, 2.0329e-01, 1.1602e-02, 9.1832e-03,
        1.0000e+00, 1.1591e-02, 1.0000e+00, 1.0000e+00, 1.0000e+00, 1.0000e+00,
        9.7791e-03, 5.2932e-02, 2.7392e-02, 4.8160e-02, 1.6667e-01, 2.6216e-02,
        1.0000e+00, 1.0000e+00, 6.8228e-02, 1.0000e+00, 3.9548e-02, 7.3240e-02,
        2.5591e-02, 5.3408e-02, 4.8859e-02, 1.3898e-03, 3.7057e-02, 1.3623e-02,
        2.6724e-01, 1.0000e+00, 9.9999e-01, 2.4172e-02, 1.0000e+00, 1.0000e+00,
        3.1131e-01, 1.0000e+00, 3.0374e-02, 1.0000e+00, 2.7238e-02, 8.5405e-02,
        2.7482e-02, 2.8318e-02, 2.8554e-02, 1.3400e-01, 2.4254e-02, 7.2569e-03,
        5.4595e-02, 3.1654e-02, 9.9997e-01, 2.8694e-01, 4.7548e-02, 1.0000e+00,
        5.5062e-02, 1.0000e+00, 1.0000e+00, 6.6857e-01, 1.9847e-02, 2.1628e-02,
        9.9526e-02, 9.5334e-02, 4.2789e-02, 5.5325e-02, 1.8209e-02, 8.2709e-02,
        2.6391e-01, 3.5691e-02, 3.3849e-02, 1.0000e+00, 5.8835e-03, 4.3213e-02,
        8.8900e-02, 1.0000e+00, 3.4753e-02, 5.0515e-02, 1.0000e+00, 8.1398e-02,
        1.0000e+00, 1.0000e+00, 1.0000e+00, 4.2910e-01, 2.5246e-02, 1.0000e+00,
        2.4511e-02, 1.1563e-01, 1.0000e+00, 1.8320e-02, 2.7486e-02, 7.4529e-01,
        1.0000e+00, 1.0000e+00, 1.0000e+00, 9.2338e-02, 3.8209e-02, 9.0972e-04,
        7.7199e-02, 2.6330e-02, 4.5983e-02, 9.0156e-02], device='cuda:0',
       grad_fn=<SqueezeBackward1>)
tensor([0, 0, 0, 0, 0, 0, 0, 0, 0, 0, 0, 0, 0, 0, 0, 0, 0, 0, 0, 0, 0, 0, 0, 0,
        0, 0, 0, 0, 0, 0, 0, 0, 0, 0, 0, 0, 0, 0, 0, 0, 0, 0, 0, 0, 0, 0, 0, 0,
        0, 0, 0, 0, 0, 0, 0, 0, 0, 0, 0, 0, 0, 0, 0, 0, 0, 0, 0, 0, 0, 0, 0, 0,
        0, 0, 0, 0, 0, 0, 0, 0, 0, 0, 0, 0, 0, 0, 0, 0, 0, 0, 0, 0, 0, 0, 0, 0,
        0, 0, 0, 0, 0, 0, 0, 0, 0, 0, 0, 0, 0, 0, 0, 0, 0, 0, 0, 0, 0, 0, 0, 0,
        0, 0, 0, 0, 0, 0, 0, 0, 0, 0, 0, 0, 0, 0, 0, 0, 0, 0, 0, 0, 0, 0, 0, 0,
        0, 0, 0, 0, 0, 0, 0, 0, 0, 0, 0, 0, 0, 0, 0, 0, 0, 0, 0, 0, 0, 0, 0, 0,
        0, 0, 0, 0, 0, 0, 0, 0, 0, 0, 0, 0, 0, 0, 0, 0, 0, 0, 0, 0, 0, 0, 0, 0,
        0, 0, 0, 0, 0, 0, 0, 0, 0, 0, 0, 0, 0, 0, 0, 0, 0, 0, 0, 0, 0, 0, 0, 0,
        0, 0, 0, 0, 0, 0, 0, 0, 0, 0, 0, 0, 0, 0, 0, 0, 0, 0, 0, 0, 0, 0, 0, 0,
        0, 0, 0, 0, 0, 0, 0, 0, 0, 0, 0, 0, 0, 0, 0, 0])
user_nid: 0, start: 512, end: 768
tensor([1.0000, 0.0367, 0.0031, 1.0000, 0.0113, 1.0000, 1.0000, 0.0959, 0.0130,
        1.0000, 1.0000, 1.0000, 0.0330, 0.1057, 0.0669, 1.0000, 1.0000, 0.0897,
        0.0308, 0.0361, 0.0159, 1.0000, 0.0907, 0.0893, 0.0523, 0.0378, 0.0085,
        0.0628, 0.0439, 1.0000, 0.3937, 0.0749, 0.0558, 0.0548, 1.0000, 0.1743,
        0.0271, 0.0393, 1.0000, 0.0454, 0.0379, 1.0000, 1.0000, 1.0000, 0.0301,
        0.0268, 1.0000, 0.2979, 0.9869, 0.0261, 0.0464, 1.0000, 0.0109, 0.0430,
        1.0000, 0.0569, 0.0226, 0.0162, 1.0000, 1.0000, 0.0176, 0.0873, 1.0000,
        0.0618, 1.0000, 1.0000, 0.0533, 0.0372, 0.0076, 1.0000, 0.0372, 0.0210,
        0.0338, 0.1744, 1.0000, 0.0300, 0.1035, 0.0057, 1.0000, 1.0000, 1.0000,
        1.0000, 1.0000, 0.1013, 0.1111, 0.0067, 1.0000, 0.0064, 0.5567, 1.0000,
        1.0000, 0.0528, 0.0805, 1.0000, 0.0348, 0.0574, 0.0395, 0.1620, 0.0308,
        0.0350, 1.0000, 0.1588, 1.0000, 0.0230, 0.0256, 1.0000, 0.0396, 0.0284,
        0.0976, 0.2191, 0.1691, 0.0355, 1.0000, 1.0000, 0.0358, 1.0000, 1.0000,
        0.0428, 0.0217, 0.9999, 0.0347, 1.0000, 0.0113, 0.0461, 0.0111, 0.0457,
        0.4944, 0.0242, 1.0000, 0.0155, 0.0398, 1.0000, 0.2283, 0.2044, 0.0299,
        1.0000, 1.0000, 0.0269, 0.7843, 1.0000, 0.0606, 1.0000, 0.0117, 0.0122,
        1.0000, 0.0378, 1.0000, 0.0260, 0.0132, 1.0000, 1.0000, 1.0000, 0.1489,
        0.0235, 0.0664, 0.0463, 1.0000, 1.0000, 1.0000, 0.0186, 0.0368, 0.5185,
        1.0000, 0.2839, 1.0000, 0.0158, 0.0105, 1.0000, 1.0000, 0.1507, 0.1936,
        0.0224, 1.0000, 0.0411, 1.0000, 0.0288, 1.0000, 1.0000, 0.5769, 1.0000,
        0.0248, 1.0000, 0.0165, 1.0000, 1.0000, 0.1361, 1.0000, 0.0193, 0.0213,
        0.0462, 0.0631, 0.0347, 0.0323, 0.0094, 0.0442, 0.0373, 1.0000, 1.0000,
        0.0037, 1.0000, 0.0287, 1.0000, 0.0510, 1.0000, 0.9876, 0.0367, 0.0134,
        0.0221, 0.0242, 0.0802, 0.0444, 1.0000, 0.0424, 0.0293, 0.0264, 0.0344,
        1.0000, 0.9963, 1.0000, 1.0000, 0.0857, 1.0000, 0.0739, 1.0000, 1.0000,
        0.0206, 0.0121, 1.0000, 0.2889, 1.0000, 1.0000, 0.1117, 0.0242, 0.0139,
        1.0000, 1.0000, 0.0242, 0.0087, 0.4547, 1.0000, 0.1024, 0.0278, 1.0000,
        1.0000, 0.0183, 0.0309, 1.0000, 0.8856, 1.0000, 0.0583, 0.0474, 0.0542,
        0.0021, 0.0665, 1.0000, 1.0000], device='cuda:0',
       grad_fn=<SqueezeBackward1>)
tensor([0, 0, 0, 0, 0, 0, 0, 0, 0, 0, 0, 0, 0, 0, 0, 0, 0, 0, 0, 0, 0, 0, 0, 0,
        0, 0, 0, 0, 0, 0, 0, 0, 0, 0, 0, 0, 0, 0, 0, 0, 0, 0, 0, 0, 0, 0, 0, 0,
        0, 0, 0, 0, 0, 0, 0, 0, 0, 0, 0, 0, 0, 0, 0, 0, 0, 0, 0, 0, 0, 0, 0, 0,
        0, 0, 0, 0, 0, 0, 0, 0, 0, 0, 0, 0, 0, 0, 0, 0, 0, 0, 0, 0, 0, 0, 0, 0,
        0, 0, 0, 0, 0, 0, 0, 0, 0, 0, 0, 0, 0, 0, 0, 0, 0, 0, 0, 0, 0, 0, 0, 0,
        0, 0, 0, 0, 0, 0, 0, 0, 0, 0, 0, 0, 0, 0, 0, 0, 0, 0, 0, 0, 0, 0, 0, 0,
        0, 0, 0, 0, 0, 0, 0, 0, 0, 0, 0, 0, 0, 0, 0, 0, 0, 0, 0, 0, 0, 0, 0, 0,
        0, 0, 0, 0, 0, 0, 0, 0, 0, 0, 0, 0, 0, 0, 0, 0, 0, 0, 0, 0, 0, 0, 0, 0,
        0, 0, 0, 0, 0, 0, 0, 0, 0, 0, 0, 0, 0, 0, 0, 0, 0, 0, 0, 0, 0, 0, 0, 0,
        0, 0, 0, 0, 0, 0, 0, 0, 0, 0, 0, 0, 0, 0, 0, 0, 0, 0, 0, 0, 0, 0, 0, 0,
        0, 0, 0, 0, 0, 0, 0, 0, 0, 0, 0, 0, 0, 0, 0, 0])
user_nid: 0, start: 768, end: 1024
tensor([0.0280, 0.0391, 0.0245, 1.0000, 0.0283, 0.0600, 0.0013, 0.0183, 0.0335,
        0.0229, 1.0000, 0.0170, 0.1045, 0.1195, 0.0495, 1.0000, 1.0000, 0.0032,
        1.0000, 0.0232, 0.0049, 1.0000, 0.0255, 1.0000, 1.0000, 0.0249, 1.0000,
        0.1096, 0.0209, 1.0000, 0.0415, 0.0352, 1.0000, 0.0051, 0.5339, 0.0736,
        0.0120, 1.0000, 0.0187, 0.0043, 0.0366, 0.1202, 1.0000, 0.0258, 0.0202,
        0.0262, 0.2785, 0.0370, 1.0000, 0.0387, 0.0188, 0.1483, 0.0577, 1.0000,
        0.0097, 0.0326, 0.0148, 0.1855, 0.1018, 0.0133, 0.0050, 0.1638, 0.1194,
        1.0000, 0.0421, 0.0444, 1.0000, 1.0000, 0.0911, 0.0546, 0.1289, 1.0000,
        0.0242, 0.0018, 0.0310, 0.0432, 0.9842, 0.1055, 0.0201, 0.0229, 0.0265,
        1.0000, 0.0231, 0.0875, 0.0035, 0.1108, 0.0242, 0.0308, 0.0092, 1.0000,
        0.0462, 0.0882, 0.0692, 0.0104, 0.0181, 1.0000, 1.0000, 0.0176, 0.0685,
        1.0000, 1.0000, 1.0000, 0.0540, 0.0261, 1.0000, 0.0107, 1.0000, 0.0944,
        0.0305, 0.4861, 0.0300, 1.0000, 0.0333, 0.0355, 0.2155, 1.0000, 0.1418,
        1.0000, 1.0000, 0.0228, 1.0000, 0.9994, 0.0267, 0.8293, 0.0189, 0.0385,
        1.0000, 0.0285, 0.0274, 0.0491, 0.0336, 0.0780, 0.0207, 0.0448, 0.0346,
        0.0107, 0.0297, 0.0473, 0.0108, 1.0000, 0.0270, 0.0306, 0.0382, 0.0183,
        1.0000, 0.0729, 0.0681, 0.1570, 0.0302, 1.0000, 1.0000, 0.0402, 0.1422,
        1.0000, 0.0403, 1.0000, 1.0000, 0.0185, 0.0577, 0.0197, 0.0168, 0.0691,
        0.0261, 0.0256, 0.0475, 0.0283, 0.0163, 0.0143, 0.2511, 0.0112, 1.0000,
        0.0539, 1.0000, 1.0000, 0.0144, 0.0775, 1.0000, 0.0234, 0.0987, 0.1690,
        1.0000, 1.0000, 0.1087, 0.9999, 1.0000, 1.0000, 0.0120, 0.0154, 0.0875,
        0.0390, 0.1367, 0.0097, 0.0166, 0.0411, 0.0332, 0.0069, 0.2103, 0.0254,
        1.0000, 1.0000, 0.0210, 0.0127, 0.0323, 1.0000, 0.0165, 0.0110, 1.0000,
        1.0000, 0.0018, 1.0000, 0.3616, 0.0350, 0.0382, 1.0000, 0.0345, 0.0260,
        0.0492, 1.0000, 1.0000, 0.0171, 1.0000, 1.0000, 0.0235, 0.0790, 1.0000,
        0.0386, 1.0000, 0.0691, 1.0000, 0.0417, 0.1145, 0.0595, 0.0391, 0.0133,
        0.0319, 0.0381, 0.0239, 0.4862, 0.8922, 0.0652, 0.0129, 0.0454, 0.0062,
        0.1360, 0.0289, 1.0000, 0.0410, 1.0000, 0.0094, 0.0532, 1.0000, 1.0000,
        0.0541, 1.0000, 0.0051, 0.0217], device='cuda:0',
       grad_fn=<SqueezeBackward1>)
tensor([0, 0, 0, 0, 0, 0, 0, 0, 0, 0, 0, 0, 0, 0, 0, 0, 0, 0, 0, 0, 0, 0, 0, 0,
        0, 0, 0, 0, 0, 0, 0, 0, 0, 0, 0, 0, 0, 0, 0, 0, 0, 0, 0, 0, 0, 0, 0, 0,
        0, 0, 0, 0, 0, 0, 0, 0, 0, 0, 0, 0, 0, 0, 0, 0, 0, 0, 0, 0, 0, 0, 0, 0,
        0, 0, 0, 0, 0, 0, 0, 0, 0, 0, 0, 0, 0, 0, 0, 0, 0, 0, 0, 0, 0, 0, 0, 0,
        0, 0, 0, 0, 0, 0, 0, 0, 0, 0, 0, 0, 0, 0, 0, 0, 0, 0, 0, 0, 0, 0, 0, 0,
        0, 0, 0, 0, 0, 0, 0, 0, 0, 0, 0, 0, 0, 0, 0, 0, 0, 0, 0, 0, 0, 0, 0, 0,
        0, 0, 0, 0, 0, 0, 0, 0, 0, 0, 0, 0, 0, 0, 0, 0, 0, 0, 0, 0, 0, 0, 0, 0,
        0, 0, 0, 0, 0, 0, 0, 0, 0, 0, 0, 0, 1, 0, 0, 0, 0, 0, 0, 0, 0, 0, 0, 0,
        0, 0, 0, 0, 0, 0, 0, 0, 0, 0, 0, 0, 0, 0, 0, 0, 0, 0, 0, 0, 0, 0, 0, 0,
        0, 0, 0, 0, 0, 0, 0, 0, 0, 0, 0, 0, 0, 0, 0, 0, 0, 0, 0, 0, 0, 0, 0, 0,
        0, 0, 0, 0, 0, 0, 0, 0, 0, 0, 0, 0, 0, 0, 0, 0])
user_nid: 0, start: 1024, end: 1280
tensor([0.4138, 1.0000, 1.0000, 1.0000, 0.0318, 0.0086, 1.0000, 1.0000, 1.0000,
        0.0288, 0.0630, 1.0000, 1.0000, 0.0331, 0.0444, 0.0417, 0.1700, 0.0079,
        1.0000, 1.0000, 0.9887, 0.4113, 1.0000, 0.1157, 1.0000, 1.0000, 0.0281,
        0.0381, 1.0000, 0.7261, 0.0453, 0.0208, 1.0000, 0.0095, 0.4935, 0.9197,
        1.0000, 0.0290, 0.0497, 1.0000, 1.0000, 0.0214, 1.0000, 0.0569, 1.0000,
        0.0107, 0.0570, 0.0314, 1.0000, 0.1067, 0.0123, 0.1322, 0.0374, 1.0000,
        0.2264, 0.2614, 0.0082, 0.0306, 0.9996, 0.0316, 1.0000, 0.0615, 0.0250,
        0.0271, 0.0966, 0.0122, 0.0064, 0.0212, 0.4389, 0.0402, 0.3906, 1.0000,
        0.0437, 0.0912, 1.0000, 0.0189, 0.0399, 0.0183, 0.0280, 1.0000, 0.9939,
        1.0000, 0.0063, 0.0856, 0.0327, 0.0436, 0.0376, 1.0000, 0.0062, 0.0316,
        0.0263, 1.0000, 0.0215, 0.0095, 1.0000, 0.0364, 1.0000, 0.0315, 1.0000,
        1.0000, 0.0282, 0.0431, 0.0145, 0.0306, 0.0233, 1.0000, 1.0000, 0.0548,
        0.0409, 0.0443, 0.0380, 1.0000, 0.0119, 0.2209, 1.0000, 0.0310, 0.0511,
        0.0100, 1.0000, 0.0156, 0.0115, 0.0265, 0.0438, 0.0329, 1.0000, 0.0390,
        0.0864, 0.1814, 0.1020, 0.0158, 1.0000, 0.0217, 0.0150, 0.0375, 1.0000,
        0.9567, 0.0415, 0.0597, 0.0141, 0.1022, 0.0294, 0.0839, 0.0163, 1.0000,
        0.0397, 0.0352, 1.0000, 0.0184, 1.0000, 0.0341, 1.0000, 0.1045, 0.0271,
        1.0000, 0.0240, 0.0039, 0.0094, 0.0464, 0.0118, 1.0000, 0.0546, 0.0167,
        0.0046, 0.0428, 0.0139, 0.0761, 0.0038, 0.3191, 1.0000, 1.0000, 0.0086,
        1.0000, 0.0316, 1.0000, 0.0394, 1.0000, 0.0537, 1.0000, 0.0311, 0.0421,
        0.0368, 1.0000, 0.0358, 1.0000, 0.0216, 0.0866, 0.0604, 0.0302, 0.0217,
        0.4594, 0.0335, 0.0429, 0.0166, 0.0541, 0.0164, 0.0259, 0.0527, 0.0181,
        0.4186, 1.0000, 0.0514, 0.0331, 0.1437, 0.0181, 0.0190, 0.0903, 0.1369,
        1.0000, 1.0000, 0.0678, 1.0000, 1.0000, 0.0241, 1.0000, 1.0000, 0.0461,
        0.0105, 0.0102, 0.0253, 0.0122, 1.0000, 1.0000, 0.0159, 0.7859, 0.0247,
        1.0000, 1.0000, 1.0000, 1.0000, 0.0338, 1.0000, 0.0130, 1.0000, 1.0000,
        0.0062, 1.0000, 1.0000, 0.0480, 0.0361, 1.0000, 0.0229, 0.0319, 0.0227,
        1.0000, 0.0132, 0.0450, 0.1874, 0.0504, 0.5230, 0.2551, 1.0000, 0.0644,
        0.0340, 0.0297, 0.0270, 1.0000], device='cuda:0',
       grad_fn=<SqueezeBackward1>)
tensor([0, 0, 0, 0, 0, 0, 0, 0, 0, 0, 0, 0, 0, 0, 0, 0, 0, 0, 0, 0, 0, 0, 0, 0,
        0, 0, 0, 0, 0, 0, 0, 0, 0, 0, 0, 0, 0, 0, 0, 0, 0, 0, 0, 0, 0, 0, 0, 0,
        0, 0, 0, 0, 0, 0, 0, 0, 0, 0, 0, 0, 0, 0, 0, 0, 0, 0, 0, 0, 0, 0, 0, 0,
        0, 0, 0, 0, 0, 0, 0, 0, 0, 0, 0, 0, 0, 0, 0, 0, 0, 0, 0, 0, 0, 0, 0, 0,
        0, 0, 0, 0, 0, 0, 0, 0, 0, 0, 0, 0, 0, 0, 0, 0, 0, 0, 0, 0, 0, 0, 0, 0,
        0, 0, 0, 0, 0, 0, 0, 0, 0, 0, 0, 0, 0, 0, 0, 0, 0, 0, 0, 0, 0, 0, 0, 0,
        0, 0, 0, 0, 0, 0, 0, 0, 0, 0, 0, 0, 0, 0, 0, 0, 0, 0, 0, 0, 0, 0, 0, 0,
        0, 0, 0, 0, 0, 0, 0, 0, 0, 0, 0, 0, 0, 0, 0, 0, 0, 0, 0, 0, 0, 0, 0, 0,
        0, 0, 0, 0, 0, 0, 0, 0, 0, 0, 0, 0, 0, 0, 0, 0, 0, 0, 0, 0, 0, 0, 0, 0,
        0, 0, 0, 0, 0, 0, 0, 0, 0, 0, 0, 0, 0, 0, 0, 0, 0, 0, 0, 0, 0, 0, 0, 0,
        0, 0, 0, 0, 0, 0, 0, 0, 0, 0, 0, 0, 0, 0, 0, 0])
user_nid: 0, start: 1280, end: 1536
tensor([1.0000, 0.0063, 0.1568, 1.0000, 0.0310, 0.0411, 1.0000, 0.0168, 1.0000,
        0.0139, 0.0378, 0.0226, 0.0917, 1.0000, 0.0156, 0.0431, 1.0000, 1.0000,
        0.0066, 0.0982, 0.0194, 1.0000, 0.0256, 1.0000, 0.0350, 0.8005, 0.2967,
        1.0000, 0.0047, 0.0090, 1.0000, 0.0185, 0.0347, 0.0240, 1.0000, 1.0000,
        0.0430, 1.0000, 1.0000, 0.0048, 0.0275, 1.0000, 0.0174, 0.0135, 0.3193,
        0.1413, 0.0252, 0.0387, 0.0100, 1.0000, 1.0000, 0.1212, 0.0117, 0.9993,
        0.0258, 0.0354, 0.0304, 0.0279, 0.0283, 0.8365, 0.0399, 1.0000, 0.0063,
        0.3048, 0.0291, 0.0390, 0.1467, 1.0000, 1.0000, 0.7412, 0.0154, 0.0845,
        0.0459, 0.0298, 0.0565, 0.9775, 1.0000, 0.0498, 0.1911, 0.0980, 1.0000,
        0.0208, 0.0489, 0.0749, 0.0362, 1.0000, 0.0269, 0.0681, 0.0719, 0.0511,
        0.0085, 0.0821, 0.0381, 0.4841, 0.0202, 1.0000, 0.0966, 0.0260, 0.0306,
        0.0381, 0.0363, 0.1703, 1.0000, 1.0000, 0.3908, 0.1057, 1.0000, 0.0178,
        0.0760, 0.0308, 0.0147, 0.1192, 1.0000, 0.0028, 0.0343, 1.0000, 0.0150,
        0.0286, 0.5540, 1.0000, 1.0000, 0.0471, 0.0253, 1.0000, 0.8249, 0.0214,
        0.0247, 0.0565, 1.0000, 1.0000, 1.0000, 0.0811, 1.0000, 1.0000, 0.9717,
        0.9999, 1.0000, 0.0288, 0.0724, 0.0512, 1.0000, 0.0240, 1.0000, 1.0000,
        0.0281, 1.0000, 1.0000, 0.0234, 0.0217, 0.2249, 1.0000, 0.0095, 1.0000,
        0.0382, 0.0413, 0.3851, 1.0000, 0.0104, 0.0377, 0.0278, 1.0000, 0.1210,
        0.0152, 0.0891, 0.0450, 0.0206, 1.0000, 1.0000, 0.0342, 0.0222, 0.0050,
        1.0000, 0.8496, 0.0388, 0.0072, 0.0187, 0.0291, 0.0219, 0.0145, 1.0000,
        1.0000, 0.0234, 1.0000, 0.0679, 1.0000, 0.0699, 0.0689, 0.0435, 0.0807,
        1.0000, 0.0490, 0.0269, 0.0356, 0.9342, 1.0000, 0.0128, 0.7615, 0.0134,
        0.2022, 0.0284, 0.0118, 0.0260, 1.0000, 0.0621, 0.0253, 0.0132, 0.0254,
        0.1124, 1.0000, 0.0347, 1.0000, 0.0197, 0.0028, 1.0000, 1.0000, 1.0000,
        1.0000, 0.0257, 1.0000, 1.0000, 0.0456, 1.0000, 0.9992, 1.0000, 0.0551,
        0.0255, 1.0000, 1.0000, 1.0000, 0.0254, 0.0224, 0.0233, 1.0000, 0.0714,
        0.0619, 0.0604, 0.1204, 1.0000, 0.0253, 1.0000, 1.0000, 0.0116, 0.0202,
        0.0583, 0.1343, 0.0314, 1.0000, 1.0000, 1.0000, 0.1632, 0.0268, 1.0000,
        1.0000, 0.1605, 1.0000, 1.0000], device='cuda:0',
       grad_fn=<SqueezeBackward1>)
tensor([0, 0, 0, 0, 0, 0, 0, 0, 0, 0, 0, 0, 0, 0, 0, 0, 0, 0, 0, 0, 0, 0, 0, 0,
        0, 0, 0, 0, 0, 0, 0, 0, 0, 0, 0, 0, 0, 0, 0, 0, 0, 0, 0, 0, 0, 0, 0, 0,
        0, 0, 0, 0, 0, 0, 0, 0, 0, 0, 0, 0, 0, 0, 0, 0, 0, 0, 0, 0, 0, 0, 0, 0,
        0, 0, 0, 0, 0, 0, 0, 0, 0, 0, 0, 0, 0, 0, 0, 0, 0, 0, 0, 0, 0, 0, 0, 0,
        0, 0, 0, 0, 0, 0, 0, 0, 0, 0, 0, 0, 0, 0, 0, 0, 0, 0, 0, 0, 0, 0, 0, 0,
        0, 0, 0, 0, 0, 0, 0, 0, 0, 1, 0, 0, 0, 0, 0, 0, 0, 0, 0, 0, 0, 0, 0, 0,
        0, 0, 0, 0, 0, 0, 0, 0, 0, 0, 0, 0, 0, 0, 0, 0, 0, 0, 0, 0, 0, 0, 0, 0,
        0, 0, 0, 0, 0, 0, 0, 0, 0, 0, 0, 0, 0, 0, 0, 0, 0, 0, 0, 0, 0, 0, 0, 0,
        0, 0, 0, 0, 0, 0, 0, 0, 0, 0, 0, 0, 0, 0, 0, 0, 0, 0, 0, 0, 0, 0, 0, 0,
        0, 0, 0, 0, 0, 0, 0, 0, 0, 0, 0, 0, 0, 0, 0, 0, 0, 0, 0, 0, 0, 0, 0, 0,
        0, 0, 0, 0, 0, 0, 0, 0, 0, 0, 0, 0, 0, 0, 0, 0])
user_nid: 1, start: 0, end: 256
tensor([0.0384, 0.0343, 1.0000, 0.0144, 0.0435, 1.0000, 0.0087, 0.0026, 0.0132,
        0.0276, 0.0240, 1.0000, 0.0294, 1.0000, 0.0550, 0.0116, 0.0371, 1.0000,
        0.0279, 0.0339, 0.0217, 0.0267, 0.0325, 1.0000, 0.0161, 0.0068, 0.0294,
        1.0000, 0.0786, 0.0012, 0.0315, 0.0345, 0.0374, 0.0644, 1.0000, 1.0000,
        0.0290, 0.0900, 0.0122, 0.0466, 1.0000, 0.0663, 0.0483, 1.0000, 0.1243,
        1.0000, 0.0374, 1.0000, 0.0452, 0.0251, 0.0855, 0.0602, 1.0000, 0.0144,
        0.0328, 1.0000, 0.0515, 1.0000, 1.0000, 0.0527, 0.9782, 0.2784, 0.0281,
        0.0084, 1.0000, 1.0000, 0.0247, 0.3253, 0.1144, 1.0000, 1.0000, 0.0134,
        0.1708, 1.0000, 1.0000, 0.0289, 0.0257, 1.0000, 0.9999, 0.0365, 0.0764,
        0.0401, 1.0000, 0.1475, 0.0111, 0.0385, 0.0199, 1.0000, 0.0240, 1.0000,
        1.0000, 1.0000, 1.0000, 1.0000, 0.0448, 0.0350, 0.0324, 0.0380, 0.0364,
        0.1234, 0.0196, 1.0000, 0.0337, 1.0000, 1.0000, 0.3564, 0.0110, 1.0000,
        0.0740, 0.0278, 1.0000, 1.0000, 0.0104, 0.0486, 1.0000, 0.0256, 1.0000,
        1.0000, 1.0000, 0.0133, 0.0131, 0.0068, 0.0060, 0.0207, 1.0000, 0.0457,
        0.0366, 0.0321, 0.3091, 0.1718, 0.0126, 1.0000, 0.6606, 0.0211, 0.0335,
        1.0000, 0.0113, 0.0433, 1.0000, 1.0000, 0.9986, 1.0000, 0.0605, 0.2438,
        0.0266, 0.0409, 0.0566, 0.0142, 1.0000, 0.0857, 0.1760, 0.0457, 1.0000,
        0.0235, 1.0000, 0.4893, 0.0117, 0.0400, 0.2155, 1.0000, 0.0544, 0.0527,
        1.0000, 0.0049, 0.1199, 1.0000, 0.0915, 1.0000, 1.0000, 1.0000, 0.0552,
        0.0639, 0.6908, 0.0376, 0.0435, 0.0180, 0.0546, 0.0114, 0.0492, 0.0128,
        1.0000, 0.0136, 0.2037, 1.0000, 0.0287, 1.0000, 0.0482, 1.0000, 1.0000,
        0.0734, 0.0277, 0.0525, 0.0312, 1.0000, 0.0298, 0.0182, 0.0675, 1.0000,
        1.0000, 0.7478, 0.9998, 0.0253, 1.0000, 0.0525, 0.0882, 0.9876, 0.0522,
        1.0000, 0.0489, 0.0310, 1.0000, 0.0115, 1.0000, 0.0302, 1.0000, 1.0000,
        0.0267, 0.0162, 1.0000, 0.4069, 0.0264, 0.0094, 0.0349, 0.1660, 0.0256,
        1.0000, 0.0418, 0.0213, 0.0191, 0.0843, 0.0122, 0.1013, 0.0732, 1.0000,
        0.1300, 1.0000, 0.1430, 0.2578, 1.0000, 1.0000, 0.0272, 0.0291, 1.0000,
        0.0019, 0.0263, 0.3345, 1.0000, 1.0000, 0.0612, 0.0464, 0.0142, 0.0620,
        0.0442, 0.0482, 0.0292, 0.0102], device='cuda:0',
       grad_fn=<SqueezeBackward1>)
tensor([0, 0, 0, 0, 0, 0, 0, 0, 0, 0, 0, 0, 0, 0, 0, 0, 0, 0, 0, 0, 0, 0, 0, 0,
        0, 0, 0, 0, 0, 0, 0, 0, 0, 0, 0, 0, 0, 0, 0, 0, 0, 0, 0, 0, 0, 0, 0, 0,
        0, 0, 0, 0, 0, 0, 0, 0, 0, 0, 0, 0, 0, 0, 0, 0, 0, 0, 0, 0, 0, 0, 0, 0,
        0, 0, 0, 0, 0, 0, 0, 0, 0, 0, 0, 0, 0, 0, 0, 0, 0, 0, 0, 0, 0, 0, 0, 0,
        0, 0, 0, 0, 0, 0, 0, 0, 0, 0, 0, 0, 0, 0, 0, 0, 0, 0, 0, 0, 0, 0, 0, 0,
        0, 0, 0, 0, 0, 0, 0, 0, 0, 0, 0, 0, 0, 0, 0, 0, 0, 0, 0, 0, 0, 0, 0, 0,
        0, 0, 0, 0, 0, 0, 0, 0, 0, 0, 0, 0, 0, 0, 0, 0, 0, 0, 0, 0, 0, 0, 0, 0,
        0, 0, 0, 0, 0, 0, 0, 0, 0, 0, 0, 0, 0, 0, 0, 0, 0, 0, 0, 0, 0, 0, 0, 0,
        0, 0, 0, 0, 0, 0, 0, 0, 0, 0, 0, 0, 0, 0, 0, 0, 0, 0, 0, 0, 0, 0, 0, 0,
        0, 0, 0, 0, 0, 0, 0, 0, 0, 0, 0, 0, 0, 0, 0, 0, 0, 0, 0, 0, 0, 0, 0, 0,
        0, 0, 0, 0, 0, 0, 0, 0, 0, 0, 0, 0, 0, 0, 0, 0])
user_nid: 1, start: 256, end: 512
tensor([1.3684e-02, 8.3762e-02, 1.0000e+00, 5.5279e-02, 1.0000e+00, 1.0395e-01,
        1.0000e+00, 1.0139e-02, 2.8346e-02, 3.3490e-02, 4.3447e-02, 2.3417e-02,
        2.0623e-02, 4.6872e-02, 1.0000e+00, 2.4779e-02, 3.4093e-02, 4.1039e-02,
        5.5596e-02, 1.8780e-02, 1.0000e+00, 2.2606e-02, 9.9993e-01, 4.9943e-02,
        1.0000e+00, 1.0000e+00, 1.0000e+00, 1.0000e+00, 2.7549e-02, 9.2751e-02,
        1.1664e-02, 8.3513e-02, 1.0000e+00, 1.0000e+00, 1.0000e+00, 3.7921e-02,
        1.0000e+00, 1.5575e-02, 9.7345e-03, 1.2405e-02, 1.0000e+00, 4.0106e-02,
        4.0009e-02, 1.0000e+00, 8.2957e-02, 2.2723e-02, 4.4145e-02, 1.9658e-02,
        1.1229e-02, 1.0000e+00, 2.2391e-02, 4.0604e-02, 2.4192e-02, 1.2604e-02,
        7.0745e-02, 8.4874e-03, 1.7662e-01, 2.3189e-01, 3.7424e-02, 9.9997e-01,
        5.0592e-02, 3.9864e-02, 2.0654e-02, 9.9999e-01, 1.0000e+00, 7.6301e-02,
        1.0000e+00, 1.0000e+00, 6.1517e-02, 2.6570e-02, 7.7221e-02, 3.9505e-01,
        1.0000e+00, 5.8511e-01, 2.3967e-02, 1.0000e+00, 1.0000e+00, 8.5568e-03,
        1.0000e+00, 8.5765e-03, 1.6680e-02, 1.8389e-01, 3.1262e-02, 4.1982e-02,
        1.0000e+00, 1.0000e+00, 3.8791e-02, 1.0000e+00, 3.6867e-02, 1.1810e-02,
        2.3050e-02, 1.9279e-01, 2.0869e-01, 1.2730e-02, 7.6045e-03, 6.7993e-02,
        4.5796e-01, 2.4466e-02, 1.0000e+00, 1.8090e-02, 1.2076e-01, 1.0000e+00,
        1.0000e+00, 9.7830e-01, 1.0545e-02, 1.0000e+00, 6.2650e-02, 9.6993e-03,
        1.0000e+00, 4.0461e-02, 2.5785e-02, 3.8979e-03, 3.2554e-02, 2.4123e-02,
        1.6954e-01, 9.9999e-01, 9.9999e-01, 1.0000e+00, 3.5436e-01, 3.1697e-02,
        4.3175e-02, 1.0572e-01, 2.2197e-02, 1.0000e+00, 2.0194e-02, 3.5745e-02,
        7.5338e-03, 1.3971e-02, 1.0000e+00, 8.9082e-03, 1.0000e+00, 1.4561e-02,
        2.8783e-02, 3.1846e-02, 1.0956e-02, 4.6153e-02, 3.9073e-02, 1.5050e-02,
        7.8121e-04, 3.7224e-02, 5.7232e-02, 1.2843e-02, 1.2477e-02, 1.6545e-02,
        9.9998e-01, 1.3044e-02, 2.8626e-02, 1.0000e+00, 2.3561e-02, 8.7020e-02,
        6.0177e-02, 3.9979e-02, 1.0000e+00, 1.9414e-02, 1.3240e-02, 2.0528e-02,
        1.0000e+00, 1.8088e-02, 3.5113e-02, 2.2924e-02, 1.0000e+00, 8.3431e-01,
        5.4748e-02, 1.0000e+00, 1.0000e+00, 5.1476e-02, 4.9494e-02, 3.0011e-02,
        9.9999e-01, 1.0000e+00, 1.0000e+00, 1.0000e+00, 9.9994e-01, 2.7210e-01,
        1.0916e-01, 1.6794e-02, 4.5657e-03, 9.9997e-01, 1.0000e+00, 5.1815e-03,
        1.0000e+00, 1.0000e+00, 4.5991e-02, 1.0000e+00, 1.0000e+00, 1.0000e+00,
        3.7190e-02, 1.0000e+00, 1.0000e+00, 9.9999e-01, 1.0000e+00, 2.9529e-02,
        2.1074e-02, 1.7853e-02, 2.0396e-02, 3.9682e-02, 9.9999e-01, 8.4288e-01,
        1.0000e+00, 9.9998e-01, 1.0000e+00, 3.1651e-02, 1.0000e+00, 1.9650e-02,
        5.7681e-02, 1.0000e+00, 3.0758e-01, 2.1055e-01, 1.0000e+00, 1.8811e-02,
        8.7823e-02, 1.0000e+00, 4.1152e-02, 1.0000e+00, 2.7000e-02, 3.1716e-02,
        1.1422e-02, 9.9999e-01, 1.0000e+00, 7.4670e-02, 1.0000e+00, 9.9999e-01,
        1.0000e+00, 5.8565e-02, 1.4532e-01, 2.1102e-03, 5.1333e-02, 6.9577e-02,
        4.6698e-02, 1.7497e-01, 9.7553e-02, 1.0000e+00, 1.0000e+00, 7.8473e-01,
        3.6039e-02, 4.5683e-02, 9.8461e-03, 7.8721e-03, 2.7040e-02, 4.4646e-01,
        1.0000e+00, 1.0000e+00, 1.0025e-02, 1.0000e+00, 1.0000e+00, 9.9999e-01,
        1.0000e+00, 7.0054e-01, 4.1318e-01, 1.0000e+00, 8.2321e-02, 1.0000e+00,
        5.5408e-02, 1.0000e+00, 9.8674e-02, 9.9996e-01], device='cuda:0',
       grad_fn=<SqueezeBackward1>)
tensor([0, 0, 0, 0, 0, 0, 0, 0, 0, 0, 0, 0, 0, 0, 0, 0, 0, 0, 0, 0, 0, 0, 0, 0,
        0, 0, 0, 0, 0, 0, 0, 0, 0, 0, 0, 0, 0, 0, 0, 0, 0, 0, 0, 0, 0, 0, 0, 0,
        0, 0, 0, 0, 0, 0, 0, 0, 0, 0, 0, 0, 0, 0, 0, 0, 0, 0, 0, 0, 0, 0, 0, 0,
        0, 0, 0, 0, 0, 0, 0, 0, 0, 0, 0, 0, 0, 0, 0, 0, 0, 0, 0, 0, 0, 0, 0, 0,
        0, 0, 0, 0, 0, 0, 0, 0, 0, 0, 0, 0, 0, 0, 0, 0, 0, 0, 0, 0, 0, 0, 0, 0,
        0, 0, 0, 0, 0, 0, 0, 0, 0, 0, 0, 0, 0, 0, 0, 0, 0, 0, 0, 0, 0, 0, 0, 0,
        0, 0, 0, 0, 0, 0, 0, 0, 0, 0, 0, 0, 0, 0, 0, 0, 0, 0, 0, 0, 0, 0, 0, 0,
        0, 0, 0, 0, 0, 0, 0, 0, 0, 0, 0, 0, 0, 0, 0, 0, 0, 0, 0, 0, 0, 0, 0, 0,
        0, 0, 0, 0, 0, 0, 0, 0, 0, 0, 0, 0, 0, 0, 0, 0, 0, 0, 0, 0, 0, 0, 0, 0,
        0, 0, 0, 0, 0, 0, 0, 0, 0, 0, 0, 0, 0, 0, 0, 0, 0, 0, 0, 0, 0, 0, 0, 0,
        0, 0, 0, 0, 0, 0, 0, 0, 0, 0, 0, 0, 0, 0, 0, 0])
user_nid: 1, start: 512, end: 768
tensor([1.0000, 1.0000, 0.9439, 0.0427, 1.0000, 1.0000, 0.0314, 0.0422, 1.0000,
        0.0159, 0.0468, 0.0073, 0.0253, 1.0000, 1.0000, 1.0000, 1.0000, 0.0330,
        0.1626, 0.0111, 0.0146, 0.0265, 1.0000, 0.0291, 0.1222, 0.0264, 0.0094,
        0.0865, 1.0000, 0.0156, 0.0685, 0.0529, 0.0357, 0.0191, 0.0193, 1.0000,
        0.0779, 0.0128, 0.6077, 0.2716, 0.0299, 0.0198, 1.0000, 0.1334, 0.1493,
        1.0000, 0.0329, 0.0594, 0.0265, 0.8869, 0.0210, 0.0402, 0.0326, 0.0474,
        0.9999, 1.0000, 1.0000, 0.0376, 1.0000, 0.9998, 0.4885, 1.0000, 1.0000,
        0.0422, 0.3965, 0.0157, 0.0155, 0.0098, 0.0379, 0.0284, 1.0000, 0.0494,
        0.0163, 0.0648, 1.0000, 1.0000, 0.0589, 0.0413, 0.0399, 0.0343, 0.0279,
        1.0000, 0.0249, 1.0000, 0.0725, 0.0105, 0.4530, 1.0000, 1.0000, 0.0326,
        0.1035, 0.0350, 0.2219, 0.0591, 1.0000, 0.0303, 0.0526, 0.0390, 1.0000,
        0.0254, 0.0115, 1.0000, 0.1232, 0.0252, 0.0170, 0.0203, 0.0723, 0.1927,
        1.0000, 0.1087, 1.0000, 0.0065, 0.1071, 0.0107, 0.0885, 1.0000, 0.0044,
        1.0000, 1.0000, 1.0000, 1.0000, 1.0000, 1.0000, 1.0000, 0.0519, 1.0000,
        1.0000, 0.0253, 1.0000, 1.0000, 0.0676, 1.0000, 1.0000, 0.0199, 0.0419,
        0.0313, 0.0161, 1.0000, 1.0000, 0.9581, 0.0200, 1.0000, 0.0287, 0.0132,
        0.0315, 1.0000, 0.3123, 0.0144, 0.0953, 1.0000, 1.0000, 0.0483, 1.0000,
        0.0106, 0.0281, 0.0777, 0.0305, 0.1736, 1.0000, 1.0000, 0.0422, 1.0000,
        0.0283, 0.0401, 0.0296, 0.0269, 1.0000, 1.0000, 0.9989, 1.0000, 0.1038,
        1.0000, 1.0000, 0.1004, 0.0266, 0.0907, 1.0000, 1.0000, 1.0000, 1.0000,
        1.0000, 1.0000, 0.0019, 0.0176, 0.1015, 1.0000, 0.0279, 1.0000, 0.0170,
        0.0067, 0.4114, 0.0096, 0.0169, 1.0000, 0.0260, 0.0430, 0.0186, 1.0000,
        1.0000, 1.0000, 0.0228, 0.0301, 1.0000, 0.0154, 0.0319, 0.1089, 1.0000,
        0.0150, 1.0000, 0.9719, 1.0000, 0.0349, 1.0000, 0.1905, 1.0000, 0.0065,
        0.0457, 1.0000, 0.0306, 1.0000, 1.0000, 0.0328, 0.0091, 0.2308, 1.0000,
        0.0381, 0.0479, 0.9999, 0.0428, 1.0000, 1.0000, 0.0161, 1.0000, 1.0000,
        0.0483, 0.0260, 0.0346, 0.0316, 0.3045, 0.0711, 0.0154, 0.0274, 1.0000,
        0.0598, 1.0000, 1.0000, 0.0557, 1.0000, 0.0385, 0.0400, 0.0551, 1.0000,
        1.0000, 1.0000, 0.0145, 0.0292], device='cuda:0',
       grad_fn=<SqueezeBackward1>)
tensor([0, 0, 0, 0, 0, 0, 0, 0, 0, 0, 0, 0, 0, 0, 0, 0, 0, 0, 0, 0, 0, 0, 0, 0,
        0, 0, 0, 0, 0, 0, 0, 0, 0, 0, 0, 0, 0, 0, 0, 0, 0, 0, 0, 0, 0, 0, 0, 0,
        0, 0, 0, 0, 0, 0, 0, 0, 0, 0, 0, 0, 0, 0, 0, 0, 0, 0, 0, 0, 0, 0, 0, 0,
        0, 0, 0, 0, 0, 0, 0, 0, 0, 0, 0, 0, 0, 0, 0, 0, 0, 0, 0, 0, 0, 0, 0, 0,
        0, 0, 0, 0, 0, 0, 0, 0, 0, 0, 0, 0, 0, 0, 0, 0, 0, 0, 0, 0, 0, 0, 0, 0,
        0, 0, 0, 0, 0, 0, 0, 0, 0, 0, 0, 0, 0, 0, 0, 0, 0, 0, 0, 0, 0, 0, 0, 0,
        0, 0, 0, 0, 0, 0, 0, 0, 0, 0, 0, 0, 0, 0, 0, 0, 0, 0, 0, 0, 0, 0, 0, 0,
        0, 0, 0, 0, 0, 0, 0, 0, 0, 0, 0, 0, 0, 0, 0, 0, 0, 0, 0, 0, 0, 0, 0, 0,
        0, 0, 0, 0, 0, 0, 0, 0, 0, 0, 0, 0, 0, 0, 0, 0, 0, 0, 0, 0, 0, 0, 0, 0,
        0, 0, 0, 0, 0, 0, 0, 0, 0, 0, 0, 0, 0, 0, 0, 0, 0, 0, 0, 0, 0, 0, 0, 0,
        0, 0, 0, 0, 0, 0, 0, 0, 0, 0, 0, 0, 0, 0, 0, 0])
user_nid: 1, start: 768, end: 1024
tensor([0.1283, 0.0317, 0.0126, 1.0000, 0.0209, 0.0266, 1.0000, 0.0237, 0.0196,
        1.0000, 0.0306, 0.0194, 0.0874, 0.9334, 1.0000, 1.0000, 1.0000, 1.0000,
        0.0270, 1.0000, 1.0000, 1.0000, 1.0000, 0.0153, 0.0259, 0.0309, 0.0251,
        0.0561, 0.0030, 0.0324, 0.1157, 1.0000, 0.0190, 0.0167, 1.0000, 0.9993,
        0.0301, 1.0000, 0.0519, 0.0986, 0.7401, 1.0000, 0.0133, 0.0136, 1.0000,
        1.0000, 0.0579, 1.0000, 0.0262, 0.1006, 0.0403, 0.0553, 0.0176, 0.0842,
        0.0012, 1.0000, 0.0246, 1.0000, 1.0000, 1.0000, 1.0000, 1.0000, 0.0366,
        1.0000, 0.0391, 0.0034, 0.0579, 0.0440, 0.0484, 0.0273, 0.2096, 0.0205,
        0.0134, 0.0142, 0.0311, 0.0594, 0.0076, 0.0610, 0.0069, 1.0000, 1.0000,
        1.0000, 0.0641, 0.0196, 0.0136, 1.0000, 0.0268, 0.0301, 1.0000, 0.0116,
        0.1411, 0.0021, 1.0000, 1.0000, 0.2266, 0.0416, 1.0000, 0.0273, 0.0170,
        0.0072, 0.0126, 0.0240, 0.0037, 0.0387, 0.0495, 1.0000, 0.0205, 0.0425,
        1.0000, 0.4146, 0.7695, 1.0000, 0.9895, 0.1008, 1.0000, 1.0000, 0.4698,
        0.0069, 0.0042, 0.0553, 0.0097, 1.0000, 1.0000, 0.8928, 1.0000, 0.0554,
        1.0000, 1.0000, 0.0497, 1.0000, 0.0202, 0.0083, 1.0000, 0.1106, 0.0338,
        1.0000, 0.7201, 1.0000, 1.0000, 1.0000, 1.0000, 0.0081, 1.0000, 0.0245,
        1.0000, 1.0000, 0.0210, 0.0435, 0.0671, 1.0000, 1.0000, 0.0235, 1.0000,
        0.0859, 0.1052, 0.1153, 1.0000, 0.0776, 0.0308, 0.1225, 0.0214, 1.0000,
        0.0098, 0.3288, 0.0358, 1.0000, 0.0132, 0.0393, 0.0291, 0.0205, 0.0250,
        1.0000, 0.0271, 0.0269, 0.0163, 0.0248, 0.0495, 0.0284, 1.0000, 0.0248,
        0.0334, 0.0178, 1.0000, 0.0587, 0.1221, 0.0636, 1.0000, 0.0886, 1.0000,
        1.0000, 0.0592, 0.0294, 0.0277, 1.0000, 1.0000, 1.0000, 1.0000, 0.0366,
        1.0000, 0.0231, 1.0000, 1.0000, 1.0000, 0.9998, 1.0000, 1.0000, 1.0000,
        1.0000, 1.0000, 0.0426, 1.0000, 0.0238, 0.0288, 0.0593, 1.0000, 0.0464,
        0.0292, 1.0000, 0.0293, 1.0000, 0.6388, 1.0000, 0.7411, 0.0196, 0.0492,
        1.0000, 0.1218, 0.0586, 0.0299, 0.0137, 0.0964, 1.0000, 1.0000, 0.1439,
        1.0000, 1.0000, 1.0000, 1.0000, 0.0145, 0.0314, 0.0316, 0.0884, 1.0000,
        1.0000, 1.0000, 0.0391, 0.7309, 0.0433, 0.0567, 0.0290, 1.0000, 1.0000,
        1.0000, 0.0310, 1.0000, 1.0000], device='cuda:0',
       grad_fn=<SqueezeBackward1>)
tensor([0, 0, 0, 0, 0, 0, 0, 0, 0, 0, 0, 0, 0, 0, 0, 0, 0, 0, 0, 0, 0, 0, 0, 0,
        0, 0, 0, 0, 0, 0, 0, 0, 0, 0, 0, 0, 0, 0, 0, 0, 0, 0, 0, 0, 0, 0, 0, 0,
        0, 0, 0, 0, 0, 0, 0, 0, 0, 0, 0, 0, 0, 0, 0, 0, 0, 0, 0, 0, 0, 0, 0, 0,
        0, 0, 0, 0, 0, 0, 0, 0, 0, 0, 0, 0, 0, 0, 0, 0, 0, 0, 0, 0, 0, 0, 0, 0,
        0, 0, 0, 0, 0, 0, 0, 0, 0, 0, 0, 0, 0, 0, 0, 0, 0, 0, 0, 0, 0, 0, 0, 0,
        0, 0, 0, 0, 0, 0, 0, 0, 0, 0, 0, 0, 0, 0, 0, 0, 0, 0, 0, 0, 0, 0, 0, 0,
        0, 0, 0, 0, 0, 0, 0, 0, 0, 0, 0, 0, 0, 0, 0, 0, 0, 0, 0, 0, 0, 0, 0, 0,
        0, 0, 0, 0, 0, 0, 0, 0, 0, 0, 0, 0, 0, 0, 0, 0, 0, 0, 0, 0, 0, 0, 0, 0,
        0, 0, 0, 0, 0, 0, 0, 0, 0, 0, 0, 0, 0, 0, 0, 0, 0, 0, 0, 0, 0, 0, 0, 0,
        0, 0, 0, 0, 0, 0, 0, 0, 0, 0, 0, 0, 0, 0, 0, 1, 0, 0, 0, 0, 0, 0, 0, 0,
        0, 0, 0, 0, 0, 0, 0, 0, 0, 0, 0, 0, 0, 0, 0, 0])
user_nid: 1, start: 1024, end: 1280
tensor([0.0372, 0.0753, 0.0494, 1.0000, 1.0000, 1.0000, 0.0119, 0.0515, 0.0243,
        0.0286, 0.3345, 0.0354, 0.0320, 0.9937, 0.0142, 1.0000, 0.0907, 0.0839,
        0.0335, 0.0241, 0.0579, 1.0000, 0.0063, 1.0000, 0.0149, 0.0286, 0.1130,
        0.1462, 0.0467, 0.0170, 0.0263, 0.0077, 0.0561, 0.0092, 1.0000, 0.0091,
        0.0290, 0.0310, 0.0209, 1.0000, 1.0000, 1.0000, 0.0121, 1.0000, 1.0000,
        0.1012, 1.0000, 1.0000, 0.0076, 0.8295, 0.0441, 0.0456, 0.0745, 1.0000,
        0.1498, 0.0283, 0.0514, 0.1097, 0.0717, 1.0000, 0.0635, 0.0474, 0.0093,
        0.0377, 1.0000, 1.0000, 0.0153, 1.0000, 0.0138, 0.0026, 1.0000, 0.0164,
        0.0225, 0.0294, 1.0000, 0.0091, 0.0136, 1.0000, 0.0433, 0.0134, 0.0435,
        0.0203, 0.0350, 0.0523, 0.5039, 1.0000, 0.0396, 1.0000, 0.0902, 0.2974,
        0.0434, 0.1022, 0.0537, 0.0305, 1.0000, 0.0454, 1.0000, 1.0000, 0.0778,
        0.0343, 0.1904, 0.0262, 1.0000, 0.1259, 0.2166, 1.0000, 1.0000, 0.0591,
        0.3928, 0.0145, 0.2635, 0.0377, 0.0253, 0.2184, 0.0249, 0.9999, 0.0955,
        0.0251, 1.0000, 0.1015, 1.0000, 0.0239, 1.0000, 1.0000, 1.0000, 0.0426,
        0.0164, 0.0055, 0.1192, 1.0000, 0.0268, 0.0056, 0.0040, 0.0948, 0.0351,
        0.0182, 0.0191, 0.9595, 0.5130, 1.0000, 0.0124, 0.0304, 0.0227, 1.0000,
        1.0000, 0.0330, 0.0313, 1.0000, 1.0000, 0.0771, 1.0000, 0.0229, 0.0338,
        1.0000, 0.0090, 0.0419, 0.0246, 0.0236, 1.0000, 0.1717, 0.0101, 1.0000,
        0.0262, 0.0789, 0.0049, 0.1183, 0.0323, 0.0313, 1.0000, 1.0000, 0.0450,
        1.0000, 0.0330, 0.0396, 0.0140, 1.0000, 0.0093, 0.0200, 1.0000, 0.0162,
        1.0000, 0.0370, 0.0434, 0.1178, 0.0333, 0.0310, 0.0466, 0.1569, 0.0106,
        0.0090, 1.0000, 0.0113, 1.0000, 0.0040, 1.0000, 1.0000, 0.0219, 1.0000,
        0.0430, 1.0000, 1.0000, 0.0888, 0.0547, 1.0000, 1.0000, 0.9559, 0.0307,
        0.0357, 1.0000, 0.0030, 1.0000, 0.0354, 1.0000, 1.0000, 0.0295, 0.0552,
        0.0400, 0.0126, 0.0160, 1.0000, 0.0162, 0.9901, 0.0160, 0.0149, 0.7769,
        1.0000, 1.0000, 1.0000, 1.0000, 0.7438, 0.0048, 0.0366, 0.0326, 0.0460,
        0.0236, 1.0000, 0.2851, 0.0215, 0.8091, 0.0717, 0.0386, 0.0227, 1.0000,
        1.0000, 0.0063, 1.0000, 1.0000, 1.0000, 0.0262, 1.0000, 1.0000, 0.0394,
        1.0000, 0.1627, 0.0313, 0.0141], device='cuda:0',
       grad_fn=<SqueezeBackward1>)
tensor([0, 0, 0, 0, 0, 0, 0, 0, 0, 0, 0, 0, 0, 0, 0, 0, 0, 0, 0, 0, 0, 0, 0, 0,
        0, 0, 0, 0, 0, 0, 0, 0, 0, 0, 0, 0, 0, 0, 0, 0, 0, 0, 0, 0, 0, 0, 0, 0,
        0, 0, 0, 0, 0, 0, 0, 0, 0, 0, 0, 0, 0, 0, 0, 0, 0, 0, 0, 0, 0, 0, 0, 0,
        0, 0, 0, 0, 0, 0, 0, 0, 0, 0, 0, 0, 0, 0, 0, 0, 0, 0, 0, 0, 0, 0, 0, 0,
        0, 0, 0, 0, 0, 0, 0, 0, 0, 0, 0, 0, 0, 0, 0, 0, 0, 0, 0, 0, 0, 0, 0, 0,
        0, 0, 0, 0, 0, 0, 0, 0, 0, 0, 0, 0, 0, 0, 0, 0, 0, 0, 0, 0, 0, 0, 0, 0,
        0, 0, 0, 0, 0, 0, 0, 0, 0, 0, 0, 0, 0, 0, 0, 0, 0, 0, 0, 0, 0, 0, 0, 0,
        0, 0, 0, 0, 0, 0, 0, 0, 0, 0, 0, 0, 0, 0, 0, 0, 0, 0, 0, 0, 0, 0, 0, 0,
        0, 0, 0, 0, 0, 0, 0, 0, 0, 0, 0, 0, 0, 0, 0, 0, 0, 0, 0, 0, 0, 0, 0, 0,
        0, 0, 0, 0, 0, 0, 0, 0, 0, 0, 0, 0, 0, 0, 0, 0, 0, 0, 0, 0, 0, 0, 0, 0,
        0, 0, 0, 0, 0, 0, 0, 0, 0, 0, 0, 0, 0, 0, 0, 0])
user_nid: 1, start: 1280, end: 1536
tensor([0.0986, 1.0000, 0.8259, 0.0308, 0.0246, 1.0000, 0.0735, 1.0000, 1.0000,
        0.0270, 0.0454, 0.0591, 1.0000, 0.0206, 1.0000, 0.0259, 1.0000, 0.1495,
        0.0126, 0.0149, 0.0277, 1.0000, 0.1512, 1.0000, 1.0000, 1.0000, 1.0000,
        0.0070, 1.0000, 0.0372, 0.2183, 0.0241, 0.0934, 1.0000, 1.0000, 0.1272,
        0.0249, 1.0000, 0.1515, 0.0388, 0.0466, 1.0000, 1.0000, 0.0060, 0.3147,
        0.0411, 0.0252, 0.0104, 0.0414, 1.0000, 0.1633, 1.0000, 0.0537, 0.0435,
        0.1451, 0.0355, 1.0000, 1.0000, 0.0201, 0.0736, 1.0000, 0.0294, 0.0500,
        0.0276, 1.0000, 1.0000, 0.0541, 0.0228, 0.0474, 0.0293, 0.1356, 1.0000,
        0.0045, 0.0622, 1.0000, 0.0904, 0.1248, 0.0056, 0.0780, 1.0000, 1.0000,
        0.0036, 1.0000, 1.0000, 0.8254, 0.0258, 0.0165, 0.5192, 0.2242, 0.1077,
        0.0286, 0.0171, 0.0404, 0.0209, 1.0000, 1.0000, 1.0000, 0.0011, 1.0000,
        0.0220, 0.0368, 0.0120, 0.0288, 0.0591, 0.0353, 1.0000, 1.0000, 0.1001,
        0.0429, 1.0000, 0.0557, 0.1602, 1.0000, 0.7988, 0.0591, 0.7297, 0.0428,
        1.0000, 1.0000, 0.0187, 1.0000, 0.8199, 0.0748, 1.0000, 0.0554, 1.0000,
        0.0397, 1.0000, 0.0288, 0.0204, 1.0000, 0.9307, 1.0000, 1.0000, 1.0000,
        0.0267, 0.0424, 0.0613, 0.0469, 0.0109, 0.0149, 0.0513, 0.0118, 0.0121,
        0.0121, 1.0000, 1.0000, 0.0442, 0.0176, 1.0000, 0.0093, 0.0308, 0.0285,
        0.0228, 1.0000, 0.0409, 0.0090, 1.0000, 1.0000, 0.0183, 0.0509, 0.0235,
        1.0000, 0.0024, 1.0000, 1.0000, 1.0000, 0.0248, 0.1509, 0.0464, 1.0000,
        0.9999, 0.0012, 0.0231, 0.0206, 0.0889, 0.0112, 1.0000, 0.0271, 1.0000,
        0.0224, 0.0187, 1.0000, 0.0268, 0.0286, 1.0000, 0.0335, 1.0000, 0.0271,
        0.0532, 0.0394, 1.0000, 1.0000, 1.0000, 0.0177, 0.0146, 0.2308, 1.0000,
        1.0000, 1.0000, 0.0439, 0.0820, 0.0458, 1.0000, 1.0000, 0.0487, 0.0241,
        0.1704, 0.0598, 0.0158, 1.0000, 0.0529, 0.0578, 0.7339, 0.5613, 0.0955,
        0.0197, 0.0262, 0.0156, 1.0000, 0.0345, 0.0333, 0.5237, 0.0980, 0.1210,
        1.0000, 1.0000, 0.0197, 1.0000, 1.0000, 0.0453, 0.1942, 1.0000, 0.0381,
        0.0296, 1.0000, 0.0293, 0.0255, 0.0505, 1.0000, 0.0474, 0.1435, 0.0266,
        0.0347, 0.0706, 0.0265, 0.0338, 0.0193, 0.0119, 0.0538, 1.0000, 0.0176,
        1.0000, 0.0146, 0.0124, 1.0000], device='cuda:0',
       grad_fn=<SqueezeBackward1>)
tensor([0, 0, 0, 0, 0, 0, 0, 0, 0, 0, 0, 0, 0, 0, 0, 0, 0, 0, 0, 0, 0, 0, 0, 0,
        0, 0, 0, 0, 0, 0, 0, 0, 0, 0, 0, 0, 0, 0, 0, 0, 0, 0, 0, 0, 0, 0, 0, 0,
        0, 0, 0, 0, 0, 0, 0, 0, 0, 0, 0, 0, 0, 0, 0, 0, 0, 0, 0, 0, 0, 0, 0, 0,
        0, 0, 0, 0, 0, 0, 0, 0, 0, 0, 0, 0, 0, 0, 0, 0, 0, 0, 0, 0, 0, 0, 0, 0,
        0, 0, 0, 0, 0, 0, 0, 0, 0, 0, 0, 0, 0, 0, 0, 0, 0, 0, 0, 0, 0, 0, 0, 0,
        0, 0, 0, 0, 0, 0, 0, 0, 0, 0, 0, 0, 0, 0, 0, 0, 0, 0, 0, 0, 0, 0, 0, 0,
        0, 0, 0, 0, 0, 0, 0, 0, 0, 0, 0, 0, 0, 0, 0, 0, 0, 0, 0, 0, 0, 0, 0, 0,
        0, 0, 0, 0, 0, 0, 0, 0, 0, 0, 0, 0, 0, 0, 0, 0, 0, 0, 0, 0, 0, 0, 0, 0,
        0, 0, 0, 0, 0, 0, 0, 0, 0, 0, 0, 0, 0, 0, 0, 0, 0, 0, 0, 0, 0, 0, 0, 0,
        0, 0, 0, 0, 0, 0, 0, 0, 0, 0, 0, 0, 0, 0, 0, 0, 0, 0, 0, 0, 0, 0, 0, 0,
        0, 0, 0, 0, 0, 0, 0, 0, 0, 0, 0, 0, 0, 0, 0, 0])
